[debug] ----------------------------------------------------------------------
[debug] Command:      /usr/local/Cellar/node/7.10.0/bin/node /usr/local/bin/firebase serve
[debug] CLI Version:  3.9.0
[debug] Platform:     darwin
[debug] Node Version: v7.10.0
[debug] Time:         Thu May 25 2017 20:28:07 GMT-0500 (CDT)
[debug] ----------------------------------------------------------------------
[debug] 
[debug] > command requires scopes: ["email","openid","https://www.googleapis.com/auth/cloudplatformprojects.readonly","https://www.googleapis.com/auth/firebase","https://www.googleapis.com/auth/cloud-platform"]
[debug] > refreshing access token with scopes: ["email","https://www.googleapis.com/auth/cloud-platform","https://www.googleapis.com/auth/cloudplatformprojects.readonly","https://www.googleapis.com/auth/firebase","openid"]
[debug] >>> HTTP REQUEST POST https://www.googleapis.com/oauth2/v3/token { refresh_token: '1/DrjMi1IVgG2THJqenUiJNm1oLdUx_8XNryMoH3GC8YxXg3MnnxKFJgfBI23X_xSH',
  client_id: '563584335869-fgrhgmd47bqnekij5i8b5pr03ho849e6.apps.googleusercontent.com',
  client_secret: 'j9iVZfS8kkCEFUPaAeJV0sAi',
  grant_type: 'refresh_token',
  scope: 'email https://www.googleapis.com/auth/cloud-platform https://www.googleapis.com/auth/cloudplatformprojects.readonly https://www.googleapis.com/auth/firebase openid' } 
 Thu May 25 2017 20:28:07 GMT-0500 (CDT)
[debug] <<< HTTP RESPONSE 200
[debug] >>> HTTP REQUEST GET https://admin.firebase.com/v1/projects/mood-toolkit  
 Thu May 25 2017 20:28:07 GMT-0500 (CDT)
[debug] <<< HTTP RESPONSE 200
[debug] >>> HTTP REQUEST GET https://admin.firebase.com/v1/database/mood-toolkit/tokens  
 Thu May 25 2017 20:28:08 GMT-0500 (CDT)
[debug] <<< HTTP RESPONSE 200
[info] 
[info] === Serving from '/Users/gaofeizhao/Desktop/firetest'...
[info] 
[debug] >>> HTTP REQUEST GET https://cloudresourcemanager.googleapis.com/v1/projects/mood-toolkit  
 Thu May 25 2017 20:28:08 GMT-0500 (CDT)
[debug] <<< HTTP RESPONSE 200
[debug] >>> HTTP REQUEST GET https://mobilesdk-pa.googleapis.com/v1/projects/465684414955/clients/_:getWebAppConfig  
 Thu May 25 2017 20:28:08 GMT-0500 (CDT)
[debug] <<< HTTP RESPONSE 200
[info] i  hosting: Serving hosting files from: public
[info] ✔  hosting: Local server: http://localhost:5000

